<?xml version="1.0" encoding="UTF-8"?>
<!-- Generated by org.testng.reporters.JUnitReportReporter -->
<testsuite hostname="DESKTOP-BAAPTUD" failures="0" tests="4" name="runners.LoginRunner" time="14.370" errors="0" timestamp="25 Jan 2024 13:30:05 GMT" skipped="0">
  <testcase classname="runners.LoginRunner" name="runScenario" time="2.870"/>
  <testcase classname="runners.LoginRunner" name="runScenario" time="2.961"/>
  <testcase classname="runners.LoginRunner" name="runScenario" time="2.884"/>
  <testcase classname="runners.LoginRunner" name="runScenario" time="5.655"/>
</testsuite> <!-- runners.LoginRunner -->
